<?xml version="1.0" encoding="UTF-8"?>
<testng-results skipped="0" failed="0" ignored="0" total="2" passed="2">
  <reporter-output>
  </reporter-output>
  <suite name="Suite" duration-ms="85678" started-at="2020-05-18T11:52:39 IST" finished-at="2020-05-18T11:54:05 IST">
    <groups>
    </groups>
    <test name="Automation" duration-ms="85678" started-at="2020-05-18T11:52:39 IST" finished-at="2020-05-18T11:54:05 IST">
      <class name="executionEngine.DriverScriptTest">
        <test-method status="PASS" signature="Initialize()[pri:0, instance:executionEngine.DriverScriptTest@7a4ccb53]" name="Initialize" duration-ms="70543" started-at="2020-05-18T11:52:39 IST" finished-at="2020-05-18T11:53:50 IST">
          <reporter-output>
          </reporter-output>
        </test-method> <!-- Initialize -->
        <test-method status="PASS" signature="execute_Actions()[pri:0, instance:executionEngine.DriverScriptTest@7a4ccb53]" name="execute_Actions" duration-ms="15077" started-at="2020-05-18T11:53:50 IST" finished-at="2020-05-18T11:54:05 IST">
          <reporter-output>
          </reporter-output>
        </test-method> <!-- execute_Actions -->
      </class> <!-- executionEngine.DriverScriptTest -->
    </test> <!-- Automation -->
  </suite> <!-- Suite -->
</testng-results>
