<?xml version="1.0" encoding="UTF-8"?>
<testng-results skipped="0" failed="0" ignored="0" total="2" passed="2">
  <reporter-output>
  </reporter-output>
  <suite name="Suite" duration-ms="72524" started-at="2020-05-11T11:32:18 IST" finished-at="2020-05-11T11:33:30 IST">
    <groups>
    </groups>
    <test name="Automation" duration-ms="72524" started-at="2020-05-11T11:32:18 IST" finished-at="2020-05-11T11:33:30 IST">
      <class name="executionEngine.DriverScriptTest">
        <test-method status="PASS" signature="Initialize()[pri:0, instance:executionEngine.DriverScriptTest@62e136d3]" name="Initialize" duration-ms="72436" started-at="2020-05-11T11:32:18 IST" finished-at="2020-05-11T11:33:30 IST">
          <reporter-output>
          </reporter-output>
        </test-method> <!-- Initialize -->
        <test-method status="PASS" signature="execute_Actions()[pri:0, instance:executionEngine.DriverScriptTest@62e136d3]" name="execute_Actions" duration-ms="50" started-at="2020-05-11T11:33:30 IST" finished-at="2020-05-11T11:33:30 IST">
          <reporter-output>
          </reporter-output>
        </test-method> <!-- execute_Actions -->
      </class> <!-- executionEngine.DriverScriptTest -->
    </test> <!-- Automation -->
  </suite> <!-- Suite -->
</testng-results>
