<?xml version="1.0" encoding="UTF-8"?>
<testng-results skipped="0" failed="0" ignored="0" total="1" passed="1">
  <reporter-output>
  </reporter-output>
  <suite name="Default suite" duration-ms="20071" started-at="2020-06-02T12:23:10Z" finished-at="2020-06-02T12:23:30Z">
    <groups>
    </groups>
    <test name="Default test" duration-ms="20071" started-at="2020-06-02T12:23:10Z" finished-at="2020-06-02T12:23:30Z">
      <class name="testcases.makemytrip">
        <test-method status="PASS" signature="setUp()[pri:0, instance:testcases.makemytrip@4f970963]" name="setUp" is-config="true" duration-ms="13" started-at="2020-06-02T17:53:10Z" finished-at="2020-06-02T17:53:10Z">
          <reporter-output>
          </reporter-output>
        </test-method> <!-- setUp -->
        <test-method status="PASS" signature="maketrip()[pri:0, instance:testcases.makemytrip@4f970963]" name="maketrip" duration-ms="20057" started-at="2020-06-02T17:53:10Z" finished-at="2020-06-02T17:53:30Z">
          <reporter-output>
          </reporter-output>
        </test-method> <!-- maketrip -->
        <test-method status="PASS" signature="closeBrowser()[pri:0, instance:testcases.makemytrip@4f970963]" name="closeBrowser" is-config="true" duration-ms="1528" started-at="2020-06-02T17:53:30Z" finished-at="2020-06-02T17:53:31Z">
          <reporter-output>
          </reporter-output>
        </test-method> <!-- closeBrowser -->
      </class> <!-- testcases.makemytrip -->
    </test> <!-- Default test -->
  </suite> <!-- Default suite -->
</testng-results>
